[GIN-VUE-ADMIN]2021/08/22 - 09:28:45.818	[34minfo[0m	register table success
[GIN-VUE-ADMIN]2021/08/22 - 09:28:45.843	[34minfo[0m	use middleware logger
[GIN-VUE-ADMIN]2021/08/22 - 09:28:45.844	[34minfo[0m	use middleware cors
[GIN-VUE-ADMIN]2021/08/22 - 09:28:45.845	[34minfo[0m	register swagger handler
[GIN-VUE-ADMIN]2021/08/22 - 09:28:45.897	[34minfo[0m	router register success
[GIN-VUE-ADMIN]2021/08/22 - 09:28:45.899	[34minfo[0m	server run success on 	{"address": ":8888"}
[GIN-VUE-ADMIN]2021/08/22 - 10:03:49.176	[34minfo[0m	register table success
[GIN-VUE-ADMIN]2021/08/22 - 10:03:49.182	[34minfo[0m	use middleware logger
[GIN-VUE-ADMIN]2021/08/22 - 10:03:49.182	[34minfo[0m	use middleware cors
[GIN-VUE-ADMIN]2021/08/22 - 10:03:49.183	[34minfo[0m	register swagger handler
[GIN-VUE-ADMIN]2021/08/22 - 10:03:49.323	[34minfo[0m	router register success
[GIN-VUE-ADMIN]2021/08/22 - 10:03:49.325	[34minfo[0m	server run success on 	{"address": ":8888"}
[GIN-VUE-ADMIN]2021/08/22 - 12:36:16.502	[34minfo[0m	register table success
[GIN-VUE-ADMIN]2021/08/22 - 12:36:16.507	[34minfo[0m	use middleware logger
[GIN-VUE-ADMIN]2021/08/22 - 12:36:16.507	[34minfo[0m	use middleware cors
[GIN-VUE-ADMIN]2021/08/22 - 12:36:16.508	[34minfo[0m	register swagger handler
[GIN-VUE-ADMIN]2021/08/22 - 12:36:16.554	[34minfo[0m	router register success
[GIN-VUE-ADMIN]2021/08/22 - 12:36:16.556	[34minfo[0m	server run success on 	{"address": ":8888"}
[GIN-VUE-ADMIN]2021/08/22 - 21:58:51.239	[34minfo[0m	register table success
[GIN-VUE-ADMIN]2021/08/22 - 21:58:51.241	[34minfo[0m	use middleware logger
[GIN-VUE-ADMIN]2021/08/22 - 21:58:51.242	[34minfo[0m	use middleware cors
[GIN-VUE-ADMIN]2021/08/22 - 21:58:51.242	[34minfo[0m	register swagger handler
[GIN-VUE-ADMIN]2021/08/22 - 21:58:51.258	[34minfo[0m	router register success
[GIN-VUE-ADMIN]2021/08/22 - 21:58:51.259	[34minfo[0m	server run success on 	{"address": ":8888"}
[GIN-VUE-ADMIN]2021/08/22 - 21:59:56.482	[34minfo[0m	register table success
[GIN-VUE-ADMIN]2021/08/22 - 21:59:56.486	[34minfo[0m	use middleware logger
[GIN-VUE-ADMIN]2021/08/22 - 21:59:56.486	[34minfo[0m	use middleware cors
[GIN-VUE-ADMIN]2021/08/22 - 21:59:56.487	[34minfo[0m	register swagger handler
[GIN-VUE-ADMIN]2021/08/22 - 21:59:56.537	[34minfo[0m	router register success
[GIN-VUE-ADMIN]2021/08/22 - 21:59:56.538	[34minfo[0m	server run success on 	{"address": ":8888"}
[GIN-VUE-ADMIN]2021/08/22 - 22:08:40.800	[34minfo[0m	register table success
[GIN-VUE-ADMIN]2021/08/22 - 22:08:40.805	[34minfo[0m	use middleware logger
[GIN-VUE-ADMIN]2021/08/22 - 22:08:40.805	[34minfo[0m	use middleware cors
[GIN-VUE-ADMIN]2021/08/22 - 22:08:40.806	[34minfo[0m	register swagger handler
[GIN-VUE-ADMIN]2021/08/22 - 22:08:40.852	[34minfo[0m	router register success
[GIN-VUE-ADMIN]2021/08/22 - 22:08:40.854	[34minfo[0m	server run success on 	{"address": ":8888"}
[GIN-VUE-ADMIN]2021/08/22 - 22:09:37.276	[31merror[0m	获取失败!	{"err": "Error 1054: Unknown column 'CreatedAt' in 'order clause'"}
[GIN-VUE-ADMIN]2021/08/22 - 22:11:01.080	[34minfo[0m	register table success
[GIN-VUE-ADMIN]2021/08/22 - 22:11:01.085	[34minfo[0m	use middleware logger
[GIN-VUE-ADMIN]2021/08/22 - 22:11:01.085	[34minfo[0m	use middleware cors
[GIN-VUE-ADMIN]2021/08/22 - 22:11:01.086	[34minfo[0m	register swagger handler
[GIN-VUE-ADMIN]2021/08/22 - 22:11:01.130	[34minfo[0m	router register success
[GIN-VUE-ADMIN]2021/08/22 - 22:11:01.132	[34minfo[0m	server run success on 	{"address": ":8888"}
