[GIN-VUE-ADMIN]2021/08/14 - 00:27:52.750	[34minfo[0m	register table success
[GIN-VUE-ADMIN]2021/08/14 - 00:27:52.764	[34minfo[0m	use middleware logger
[GIN-VUE-ADMIN]2021/08/14 - 00:27:52.764	[34minfo[0m	use middleware cors
[GIN-VUE-ADMIN]2021/08/14 - 00:27:52.765	[34minfo[0m	register swagger handler
[GIN-VUE-ADMIN]2021/08/14 - 00:27:52.781	[34minfo[0m	router register success
[GIN-VUE-ADMIN]2021/08/14 - 00:27:52.784	[34minfo[0m	server run success on 	{"address": ":8888"}
[GIN-VUE-ADMIN]2021/08/14 - 00:48:14.366	[34minfo[0m	register table success
[GIN-VUE-ADMIN]2021/08/14 - 00:48:14.370	[34minfo[0m	use middleware logger
[GIN-VUE-ADMIN]2021/08/14 - 00:48:14.370	[34minfo[0m	use middleware cors
[GIN-VUE-ADMIN]2021/08/14 - 00:48:14.371	[34minfo[0m	register swagger handler
[GIN-VUE-ADMIN]2021/08/14 - 00:48:14.410	[34minfo[0m	router register success
[GIN-VUE-ADMIN]2021/08/14 - 00:48:14.411	[34minfo[0m	server run success on 	{"address": ":8888"}
[GIN-VUE-ADMIN]2021/08/14 - 00:54:24.625	[31merror[0m	register table failed	{"err": "Error 1060: Duplicate column name 'name'"}
[GIN-VUE-ADMIN]2021/08/14 - 00:54:50.763	[34minfo[0m	register table success
[GIN-VUE-ADMIN]2021/08/14 - 00:54:50.767	[34minfo[0m	use middleware logger
[GIN-VUE-ADMIN]2021/08/14 - 00:54:50.767	[34minfo[0m	use middleware cors
[GIN-VUE-ADMIN]2021/08/14 - 00:54:50.768	[34minfo[0m	register swagger handler
[GIN-VUE-ADMIN]2021/08/14 - 00:54:50.785	[34minfo[0m	router register success
[GIN-VUE-ADMIN]2021/08/14 - 00:54:50.786	[34minfo[0m	server run success on 	{"address": ":8888"}
[GIN-VUE-ADMIN]2021/08/14 - 00:56:33.990	[34minfo[0m	register table success
[GIN-VUE-ADMIN]2021/08/14 - 00:56:33.995	[34minfo[0m	use middleware logger
[GIN-VUE-ADMIN]2021/08/14 - 00:56:33.995	[34minfo[0m	use middleware cors
[GIN-VUE-ADMIN]2021/08/14 - 00:56:33.996	[34minfo[0m	register swagger handler
[GIN-VUE-ADMIN]2021/08/14 - 00:56:34.028	[34minfo[0m	router register success
[GIN-VUE-ADMIN]2021/08/14 - 00:56:34.029	[34minfo[0m	server run success on 	{"address": ":8888"}
[GIN-VUE-ADMIN]2021/08/14 - 01:00:12.647	[34minfo[0m	register table success
[GIN-VUE-ADMIN]2021/08/14 - 01:00:12.652	[34minfo[0m	use middleware logger
[GIN-VUE-ADMIN]2021/08/14 - 01:00:12.652	[34minfo[0m	use middleware cors
[GIN-VUE-ADMIN]2021/08/14 - 01:00:12.653	[34minfo[0m	register swagger handler
[GIN-VUE-ADMIN]2021/08/14 - 01:00:12.697	[34minfo[0m	router register success
[GIN-VUE-ADMIN]2021/08/14 - 01:00:12.700	[34minfo[0m	server run success on 	{"address": ":8888"}
[GIN-VUE-ADMIN]2021/08/14 - 01:02:02.027	[34minfo[0m	register table success
[GIN-VUE-ADMIN]2021/08/14 - 01:02:02.032	[34minfo[0m	use middleware logger
[GIN-VUE-ADMIN]2021/08/14 - 01:02:02.032	[34minfo[0m	use middleware cors
[GIN-VUE-ADMIN]2021/08/14 - 01:02:02.033	[34minfo[0m	register swagger handler
[GIN-VUE-ADMIN]2021/08/14 - 01:02:02.056	[34minfo[0m	router register success
[GIN-VUE-ADMIN]2021/08/14 - 01:02:02.057	[34minfo[0m	server run success on 	{"address": ":8888"}
