[GIN-VUE-ADMIN]2021/08/13 - 00:13:37.184	[34minfo[0m	register table success
[GIN-VUE-ADMIN]2021/08/13 - 00:13:37.221	[34minfo[0m	use middleware logger
[GIN-VUE-ADMIN]2021/08/13 - 00:13:37.222	[34minfo[0m	use middleware cors
[GIN-VUE-ADMIN]2021/08/13 - 00:13:37.223	[34minfo[0m	register swagger handler
[GIN-VUE-ADMIN]2021/08/13 - 00:13:37.262	[34minfo[0m	router register success
[GIN-VUE-ADMIN]2021/08/13 - 00:13:37.264	[34minfo[0m	server run success on 	{"address": ":8888"}
[GIN-VUE-ADMIN]2021/08/13 - 08:51:22.691	[34minfo[0m	register table success
[GIN-VUE-ADMIN]2021/08/13 - 08:51:22.695	[34minfo[0m	use middleware logger
[GIN-VUE-ADMIN]2021/08/13 - 08:51:22.695	[34minfo[0m	use middleware cors
[GIN-VUE-ADMIN]2021/08/13 - 08:51:22.696	[34minfo[0m	register swagger handler
[GIN-VUE-ADMIN]2021/08/13 - 08:51:22.735	[34minfo[0m	router register success
[GIN-VUE-ADMIN]2021/08/13 - 08:51:22.738	[34minfo[0m	server run success on 	{"address": ":8888"}
[GIN-VUE-ADMIN]2021/08/13 - 16:11:23.768	[34minfo[0m	register table success
[GIN-VUE-ADMIN]2021/08/13 - 16:11:23.770	[34minfo[0m	use middleware logger
[GIN-VUE-ADMIN]2021/08/13 - 16:11:23.771	[34minfo[0m	use middleware cors
[GIN-VUE-ADMIN]2021/08/13 - 16:11:23.771	[34minfo[0m	register swagger handler
[GIN-VUE-ADMIN]2021/08/13 - 16:11:23.779	[34minfo[0m	router register success
[GIN-VUE-ADMIN]2021/08/13 - 16:11:23.780	[34minfo[0m	server run success on 	{"address": ":8888"}
[GIN-VUE-ADMIN]2021/08/13 - 17:11:36.514	[34minfo[0m	register table success
[GIN-VUE-ADMIN]2021/08/13 - 17:11:36.516	[34minfo[0m	use middleware logger
[GIN-VUE-ADMIN]2021/08/13 - 17:11:36.516	[34minfo[0m	use middleware cors
[GIN-VUE-ADMIN]2021/08/13 - 17:11:36.517	[34minfo[0m	register swagger handler
[GIN-VUE-ADMIN]2021/08/13 - 17:11:36.524	[34minfo[0m	router register success
[GIN-VUE-ADMIN]2021/08/13 - 17:11:36.525	[34minfo[0m	server run success on 	{"address": ":8888"}
[GIN-VUE-ADMIN]2021/08/13 - 17:24:25.399	[34minfo[0m	register table success
[GIN-VUE-ADMIN]2021/08/13 - 17:24:25.406	[34minfo[0m	use middleware logger
[GIN-VUE-ADMIN]2021/08/13 - 17:24:25.406	[34minfo[0m	use middleware cors
[GIN-VUE-ADMIN]2021/08/13 - 17:24:25.406	[34minfo[0m	register swagger handler
[GIN-VUE-ADMIN]2021/08/13 - 17:24:25.415	[34minfo[0m	router register success
[GIN-VUE-ADMIN]2021/08/13 - 17:24:25.416	[34minfo[0m	server run success on 	{"address": ":8888"}
[GIN-VUE-ADMIN]2021/08/13 - 21:03:55.208	[31merror[0m	register table failed	{"err": "Error 1061: Duplicate key name 'idx_potentials_deleted_at'"}
[GIN-VUE-ADMIN]2021/08/13 - 21:04:22.923	[34minfo[0m	register table success
[GIN-VUE-ADMIN]2021/08/13 - 21:04:22.928	[34minfo[0m	use middleware logger
[GIN-VUE-ADMIN]2021/08/13 - 21:04:22.929	[34minfo[0m	use middleware cors
[GIN-VUE-ADMIN]2021/08/13 - 21:04:22.930	[34minfo[0m	register swagger handler
[GIN-VUE-ADMIN]2021/08/13 - 21:04:22.979	[34minfo[0m	router register success
[GIN-VUE-ADMIN]2021/08/13 - 21:04:22.981	[34minfo[0m	server run success on 	{"address": ":8888"}
[GIN-VUE-ADMIN]2021/08/13 - 21:32:39.883	[31merror[0m	查询失败!	{"err": "dial tcp 121.36.19.118:3306: connectex: A connection attempt failed because the connected party did not properly respond after a period of time, or established connection failed because connected host has failed to respond."}
[GIN-VUE-ADMIN]2021/08/13 - 22:12:27.081	[34minfo[0m	register table success
[GIN-VUE-ADMIN]2021/08/13 - 22:12:27.085	[34minfo[0m	use middleware logger
[GIN-VUE-ADMIN]2021/08/13 - 22:12:27.085	[34minfo[0m	use middleware cors
[GIN-VUE-ADMIN]2021/08/13 - 22:12:27.086	[34minfo[0m	register swagger handler
[GIN-VUE-ADMIN]2021/08/13 - 22:12:27.121	[34minfo[0m	router register success
[GIN-VUE-ADMIN]2021/08/13 - 22:12:27.122	[34minfo[0m	server run success on 	{"address": ":8888"}
[GIN-VUE-ADMIN]2021/08/13 - 22:40:25.495	[34minfo[0m	register table success
[GIN-VUE-ADMIN]2021/08/13 - 22:40:25.499	[34minfo[0m	use middleware logger
[GIN-VUE-ADMIN]2021/08/13 - 22:40:25.499	[34minfo[0m	use middleware cors
[GIN-VUE-ADMIN]2021/08/13 - 22:40:25.500	[34minfo[0m	register swagger handler
[GIN-VUE-ADMIN]2021/08/13 - 22:40:25.514	[34minfo[0m	router register success
[GIN-VUE-ADMIN]2021/08/13 - 22:40:25.516	[34minfo[0m	server run success on 	{"address": ":8888"}
